<?xml version="1.0" encoding="UTF-8"?>
<!-- Generated by org.testng.reporters.JUnitReportReporter -->
<testsuite hostname="Waseem-Hmeidat" failures="0" tests="1" name="tests.PutPatchDeleteExamples" time="1.419" errors="0" timestamp="2023-04-28T21:31:55 GMT+02:00" skipped="0">
  <testcase classname="tests.PutPatchDeleteExamples" name="testDelete" time="1.419"/>
  <system-out/>
</testsuite> <!-- tests.PutPatchDeleteExamples -->
