<?xml version="1.0" encoding="UTF-8"?>
<!-- Generated by org.testng.reporters.JUnitReportReporter -->
<testsuite hostname="Waseem-Hmeidat" failures="0" tests="1" name="tests.GetAndPostExamples" time="1.449" errors="0" timestamp="2023-04-28T21:20:59 GMT+02:00" skipped="0">
  <testcase classname="tests.GetAndPostExamples" name="testPost" time="1.449"/>
  <system-out/>
</testsuite> <!-- tests.GetAndPostExamples -->
